17:24:54.026 INFO  TestCase001_SearchPage -********* Started TC001_SearchPage  **********
17:24:59.696 INFO  TestCase001_SearchPage - Test testAddBestSeller started
17:25:04.254 INFO  TestCase001_SearchPage - List best Sellers total count found 2
17:25:10.380 INFO  TestCase001_SearchPage -------Item added to Cart---------
17:25:15.237 INFO  TestCase001_SearchPage -------Item added to Cart---------
17:25:15.238 INFO  TestCase001_SearchPage -2 Items added to Cart
17:25:15.387 INFO  TestCase001_SearchPage -Final Cart count found 2
17:25:19.603 INFO  TestCase001_SearchPage -*********  Finished TC001_SearchPage **********
17:27:24.017 INFO  TestCase001_SearchPage -********* Started TC001_SearchPage  **********
17:27:29.682 INFO  TestCase001_SearchPage - Test testAddBestSeller started
17:27:33.366 INFO  TestCase001_SearchPage - List best Sellers total count found 2
17:27:39.182 INFO  TestCase001_SearchPage -------Item added to Cart---------
17:27:44.912 INFO  TestCase001_SearchPage -------Item added to Cart---------
17:27:44.913 INFO  TestCase001_SearchPage -2 Items added to Cart
17:27:45.000 INFO  TestCase001_SearchPage -Final Cart count found 2
17:27:48.199 INFO  TestCase001_SearchPage -*********  Finished TC001_SearchPage **********
17:31:10.050 INFO  TestCase001_SearchPage -********* Started TC001_SearchPage  **********
17:31:15.618 INFO  TestCase001_SearchPage - Test testAddBestSeller started
17:31:19.428 INFO  TestCase001_SearchPage - List best Sellers total count found 2
17:31:25.241 INFO  TestCase001_SearchPage -------Item added to Cart---------
17:31:30.125 INFO  TestCase001_SearchPage -------Item added to Cart---------
17:31:30.125 INFO  TestCase001_SearchPage -2 Items added to Cart
17:31:30.403 INFO  TestCase001_SearchPage -Final Cart count found 2
17:31:32.606 INFO  TestCase001_SearchPage -*********  Finished TC001_SearchPage **********
